<?xml version="1.0" encoding="UTF-8"?>
<coverage generated="1695920129125" clover="3.2.0">
  <project timestamp="1695920129126" name="All files">
    <metrics statements="4" coveredstatements="3" conditionals="2" coveredconditionals="2" methods="3" coveredmethods="2" elements="9" coveredelements="7" complexity="0" loc="4" ncloc="4" packages="1" files="1" classes="1"/>
    <file name="matematica.js" path="/Users/22282204/Desktop/Pasta Sem Título 2/matematica.js">
      <metrics statements="4" coveredstatements="3" conditionals="2" coveredconditionals="2" methods="3" coveredmethods="2"/>
      <line num="2" count="4" type="stmt"/>
      <line num="6" count="0" type="stmt"/>
      <line num="22" count="7" type="cond" truecount="2" falsecount="0"/>
      <line num="25" count="1" type="stmt"/>
    </file>
  </project>
</coverage>
