{"/Users/22282204/Desktop/Pasta Sem Título 2/matematica.js": {"path":"/Users/22282204/Desktop/Pasta Sem Título 2/matematica.js","statementMap":{"0":{"start":{"line":2,"column":4},"end":{"line":2,"column":16}},"1":{"start":{"line":6,"column":4},"end":{"line":6,"column":16}},"2":{"start":{"line":22,"column":4},"end":{"line":22,"column":41}},"3":{"start":{"line":25,"column":0},"end":{"line":28,"column":1}}},"fnMap":{"0":{"name":"soma","decl":{"start":{"line":1,"column":9},"end":{"line":1,"column":13}},"loc":{"start":{"line":1,"column":20},"end":{"line":3,"column":1}},"line":1},"1":{"name":"subtrair","decl":{"start":{"line":5,"column":9},"end":{"line":5,"column":17}},"loc":{"start":{"line":5,"column":24},"end":{"line":7,"column":1}},"line":5},"2":{"name":"fatorial","decl":{"start":{"line":20,"column":9},"end":{"line":20,"column":17}},"loc":{"start":{"line":20,"column":22},"end":{"line":23,"column":1}},"line":20}},"branchMap":{"0":{"loc":{"start":{"line":22,"column":11},"end":{"line":22,"column":41}},"type":"cond-expr","locations":[{"start":{"line":22,"column":20},"end":{"line":22,"column":21}},{"start":{"line":22,"column":24},"end":{"line":22,"column":41}}],"line":22}},"s":{"0":4,"1":0,"2":7,"3":1},"f":{"0":4,"1":0,"2":7},"b":{"0":[3,4]},"_coverageSchema":"1a1c01bbd47fc00a2c39e90264f33305004495a9","hash":"a3a020a16cf57337658c0b3c29ad6f8912b795b9"}
}
